This is XeTeX, Version 3.1415926-2.2-0.9995.2 (TeX Live 2009/Debian) (format=xelatex 2012.2.19)  5 MAR 2012 16:32
entering extended mode
 \write18 enabled.
 %&-line parsing enabled.
**abstract.tex
(./abstract.tex
LaTeX2e <2009/09/24>
Babel <v3.8l> and hyphenation patterns for english, usenglishmax, dumylang, noh
yphenation, pinyin, loaded.
(/usr/share/texmf-texlive/tex/latex/base/article.cls
Document Class: article 2007/10/19 v1.4h Standard LaTeX document class
(/usr/share/texmf-texlive/tex/latex/base/size10.clo
File: size10.clo 2007/10/19 v1.4h Standard LaTeX file (size option)
)
\c@part=\count80
\c@section=\count81
\c@subsection=\count82
\c@subsubsection=\count83
\c@paragraph=\count84
\c@subparagraph=\count85
\c@figure=\count86
\c@table=\count87
\abovecaptionskip=\skip41
\belowcaptionskip=\skip42
\bibindent=\dimen102
)
(/usr/share/texmf-texlive/tex/xelatex/fontspec/fontspec.sty
Package: fontspec 2008/08/09 v1.18 Advanced font selection for XeLaTeX

(/usr/share/texmf-texlive/tex/generic/ifxetex/ifxetex.sty
Package: ifxetex 2009/01/23 v0.5 Provides ifxetex conditional
)
\c@zf@newff=\count88
\c@zf@index=\count89
\c@zf@script=\count90
\c@zf@language=\count91

(/usr/share/texmf-texlive/tex/latex/tools/calc.sty
Package: calc 2007/08/22 v4.3 Infix arithmetic (KKT,FJ)
\calc@Acount=\count92
\calc@Bcount=\count93
\calc@Adimen=\dimen103
\calc@Bdimen=\dimen104
\calc@Askip=\skip43
\calc@Bskip=\skip44
LaTeX Info: Redefining \setlength on input line 76.
LaTeX Info: Redefining \addtolength on input line 77.
\calc@Ccount=\count94
\calc@Cskip=\skip45
)
(/usr/share/texmf-texlive/tex/latex/xkeyval/xkeyval.sty
Package: xkeyval 2008/08/13 v2.6a package option processing (HA)

(/usr/share/texmf-texlive/tex/generic/xkeyval/xkeyval.tex
\XKV@toks=\toks14
\XKV@tempa@toks=\toks15
\XKV@depth=\count95
File: xkeyval.tex 2008/08/13 v2.6a key=value parser (HA)

(/usr/share/texmf-texlive/tex/generic/xkeyval/keyval.tex)))
(/usr/share/texmf-texlive/tex/latex/base/fontenc.sty
Package: fontenc 2005/09/27 v1.99g Standard LaTeX package

(/usr/share/texmf-texlive/tex/xelatex/euenc/eu1enc.def
File: eu1enc.def 2008/03/08 v0.1d Experimental unicode font encoding
)
LaTeX Font Info:    Try loading font information for EU1+lmr on input line 100.


(/usr/share/texmf-texlive/tex/xelatex/euenc/eu1lmr.fd
File: eu1lmr.fd 2007/01/14 v1.3 Font defs for Latin Modern
))
LaTeX Info: Redefining \itshape on input line 1163.
LaTeX Info: Redefining \slshape on input line 1166.
LaTeX Info: Redefining \scshape on input line 1169.
LaTeX Info: Redefining \upshape on input line 1172.

fontspec.cfg loaded.
(/usr/share/texmf-texlive/tex/xelatex/fontspec/fontspec.cfg))
(/usr/share/texmf-texlive/tex/latex/amsmath/amsmath.sty
Package: amsmath 2000/07/18 v2.13 AMS math features
\@mathmargin=\skip46

For additional information on amsmath, use the `?' option.
(/usr/share/texmf-texlive/tex/latex/amsmath/amstext.sty
Package: amstext 2000/06/29 v2.01

(/usr/share/texmf-texlive/tex/latex/amsmath/amsgen.sty
File: amsgen.sty 1999/11/30 v2.0
\@emptytoks=\toks16
\ex@=\dimen105
))
(/usr/share/texmf-texlive/tex/latex/amsmath/amsbsy.sty
Package: amsbsy 1999/11/29 v1.2d
\pmbraise@=\dimen106
)
(/usr/share/texmf-texlive/tex/latex/amsmath/amsopn.sty
Package: amsopn 1999/12/14 v2.01 operator names
)
\inf@bad=\count96
LaTeX Info: Redefining \frac on input line 211.
\uproot@=\count97
\leftroot@=\count98
LaTeX Info: Redefining \overline on input line 307.
\classnum@=\count99
\DOTSCASE@=\count100
LaTeX Info: Redefining \ldots on input line 379.
LaTeX Info: Redefining \dots on input line 382.
LaTeX Info: Redefining \cdots on input line 467.
\Mathstrutbox@=\box26
\strutbox@=\box27
\big@size=\dimen107
LaTeX Font Info:    Redeclaring font encoding OML on input line 567.
LaTeX Font Info:    Redeclaring font encoding OMS on input line 568.
\macc@depth=\count101
\c@MaxMatrixCols=\count102
\dotsspace@=\muskip10
\c@parentequation=\count103
\dspbrk@lvl=\count104
\tag@help=\toks17
\row@=\count105
\column@=\count106
\maxfields@=\count107
\andhelp@=\toks18
\eqnshift@=\dimen108
\alignsep@=\dimen109
\tagshift@=\dimen110
\tagwidth@=\dimen111
\totwidth@=\dimen112
\lineht@=\dimen113
\@envbody=\toks19
\multlinegap=\skip47
\multlinetaggap=\skip48
\mathdisplay@stack=\toks20
LaTeX Info: Redefining \[ on input line 2666.
LaTeX Info: Redefining \] on input line 2667.
)
(/usr/share/texmf-texlive/tex/latex/amsfonts/amssymb.sty
Package: amssymb 2009/06/22 v3.00

(/usr/share/texmf-texlive/tex/latex/amsfonts/amsfonts.sty
Package: amsfonts 2009/06/22 v3.00 Basic AMSFonts support
\symAMSa=\mathgroup4
\symAMSb=\mathgroup5
LaTeX Font Info:    Overwriting math alphabet `\mathfrak' in version `bold'
(Font)                  U/euf/m/n --> U/euf/b/n on input line 96.
))
(/usr/share/texmf-texlive/tex/latex/zhspacing/zhspacing.sty
(/usr/share/texmf-texlive/tex/latex/zhspacing/usefulmacros.sty)
Package: zhspacing 2008/01/02

(/usr/share/texmf-texlive/tex/latex/zhspacing/myclass.sty
(/usr/share/texmf-texlive/tex/latex/zhspacing/usefulmacros.sty))
\@@interclasstoks@boundary@boundary=\toks21
\@@interclasstoks@halfwidth@boundary=\toks22
\@@interclasstoks@boundary@halfwidth=\toks23
\@@interclasstoks@halfwidth@halfwidth=\toks24
\@@interclasstoks@fullwidth@boundary=\toks25
\@@interclasstoks@boundary@fullwidth=\toks26
\@@interclasstoks@fullwidth@halfwidth=\toks27
\@@interclasstoks@halfwidth@fullwidth=\toks28
\@@interclasstoks@fullwidth@fullwidth=\toks29
\@@interclasstoks@alphanum@boundary=\toks30
\@@interclasstoks@boundary@alphanum=\toks31
\@@interclasstoks@alphanum@halfwidth=\toks32
\@@interclasstoks@halfwidth@alphanum=\toks33
\@@interclasstoks@alphanum@fullwidth=\toks34
\@@interclasstoks@fullwidth@alphanum=\toks35
\@@interclasstoks@alphanum@alphanum=\toks36
\@@interclasstoks@hanzi@boundary=\toks37
\@@interclasstoks@boundary@hanzi=\toks38
\@@interclasstoks@hanzi@halfwidth=\toks39
\@@interclasstoks@halfwidth@hanzi=\toks40
\@@interclasstoks@hanzi@fullwidth=\toks41
\@@interclasstoks@fullwidth@hanzi=\toks42
\@@interclasstoks@hanzi@alphanum=\toks43
\@@interclasstoks@alphanum@hanzi=\toks44
\@@interclasstoks@hanzi@hanzi=\toks45
\@@interclasstoks@openfw@boundary=\toks46
\@@interclasstoks@boundary@openfw=\toks47
\@@interclasstoks@openfw@halfwidth=\toks48
\@@interclasstoks@halfwidth@openfw=\toks49
\@@interclasstoks@openfw@fullwidth=\toks50
\@@interclasstoks@fullwidth@openfw=\toks51
\@@interclasstoks@openfw@alphanum=\toks52
\@@interclasstoks@alphanum@openfw=\toks53
\@@interclasstoks@openfw@hanzi=\toks54
\@@interclasstoks@hanzi@openfw=\toks55
\@@interclasstoks@openfw@openfw=\toks56
\@@interclasstoks@closefw@boundary=\toks57
\@@interclasstoks@boundary@closefw=\toks58
\@@interclasstoks@closefw@halfwidth=\toks59
\@@interclasstoks@halfwidth@closefw=\toks60
\@@interclasstoks@closefw@fullwidth=\toks61
\@@interclasstoks@fullwidth@closefw=\toks62
\@@interclasstoks@closefw@alphanum=\toks63
\@@interclasstoks@alphanum@closefw=\toks64
\@@interclasstoks@closefw@hanzi=\toks65
\@@interclasstoks@hanzi@closefw=\toks66
\@@interclasstoks@closefw@openfw=\toks67
\@@interclasstoks@openfw@closefw=\toks68
\@@interclasstoks@closefw@closefw=\toks69
\@@interclasstoks@halfstop@boundary=\toks70
\@@interclasstoks@boundary@halfstop=\toks71
\@@interclasstoks@halfstop@halfwidth=\toks72
\@@interclasstoks@halfwidth@halfstop=\toks73
\@@interclasstoks@halfstop@fullwidth=\toks74
\@@interclasstoks@fullwidth@halfstop=\toks75
\@@interclasstoks@halfstop@alphanum=\toks76
\@@interclasstoks@alphanum@halfstop=\toks77
\@@interclasstoks@halfstop@hanzi=\toks78
\@@interclasstoks@hanzi@halfstop=\toks79
\@@interclasstoks@halfstop@openfw=\toks80
\@@interclasstoks@openfw@halfstop=\toks81
\@@interclasstoks@halfstop@closefw=\toks82
\@@interclasstoks@closefw@halfstop=\toks83
\@@interclasstoks@halfstop@halfstop=\toks84
\@@interclasstoks@fullstop@boundary=\toks85
\@@interclasstoks@boundary@fullstop=\toks86
\@@interclasstoks@fullstop@halfwidth=\toks87
\@@interclasstoks@halfwidth@fullstop=\toks88
\@@interclasstoks@fullstop@fullwidth=\toks89
\@@interclasstoks@fullwidth@fullstop=\toks90
\@@interclasstoks@fullstop@alphanum=\toks91
\@@interclasstoks@alphanum@fullstop=\toks92
\@@interclasstoks@fullstop@hanzi=\toks93
\@@interclasstoks@hanzi@fullstop=\toks94
\@@interclasstoks@fullstop@openfw=\toks95
\@@interclasstoks@openfw@fullstop=\toks96
\@@interclasstoks@fullstop@closefw=\toks97
\@@interclasstoks@closefw@fullstop=\toks98
\@@interclasstoks@fullstop@halfstop=\toks99
\@@interclasstoks@halfstop@fullstop=\toks100
\@@interclasstoks@fullstop@fullstop=\toks101
\@@interclasstoks@fwpunct@boundary=\toks102
\@@interclasstoks@boundary@fwpunct=\toks103
\@@interclasstoks@fwpunct@halfwidth=\toks104
\@@interclasstoks@halfwidth@fwpunct=\toks105
\@@interclasstoks@fwpunct@fullwidth=\toks106
\@@interclasstoks@fullwidth@fwpunct=\toks107
\@@interclasstoks@fwpunct@alphanum=\toks108
\@@interclasstoks@alphanum@fwpunct=\toks109
\@@interclasstoks@fwpunct@hanzi=\toks110
\@@interclasstoks@hanzi@fwpunct=\toks111
\@@interclasstoks@fwpunct@openfw=\toks112
\@@interclasstoks@openfw@fwpunct=\toks113
\@@interclasstoks@fwpunct@closefw=\toks114
\@@interclasstoks@closefw@fwpunct=\toks115
\@@interclasstoks@fwpunct@halfstop=\toks116
\@@interclasstoks@halfstop@fwpunct=\toks117
\@@interclasstoks@fwpunct@fullstop=\toks118
\@@interclasstoks@fullstop@fwpunct=\toks119
\@@interclasstoks@fwpunct@fwpunct=\toks120
\@@interclasstoks@cjkexta@boundary=\toks121
\@@interclasstoks@boundary@cjkexta=\toks122
\@@interclasstoks@cjkexta@halfwidth=\toks123
\@@interclasstoks@halfwidth@cjkexta=\toks124
\@@interclasstoks@cjkexta@fullwidth=\toks125
\@@interclasstoks@fullwidth@cjkexta=\toks126
\@@interclasstoks@cjkexta@alphanum=\toks127
\@@interclasstoks@alphanum@cjkexta=\toks128
\@@interclasstoks@cjkexta@hanzi=\toks129
\@@interclasstoks@hanzi@cjkexta=\toks130
\@@interclasstoks@cjkexta@openfw=\toks131
\@@interclasstoks@openfw@cjkexta=\toks132
\@@interclasstoks@cjkexta@closefw=\toks133
\@@interclasstoks@closefw@cjkexta=\toks134
\@@interclasstoks@cjkexta@halfstop=\toks135
\@@interclasstoks@halfstop@cjkexta=\toks136
\@@interclasstoks@cjkexta@fullstop=\toks137
\@@interclasstoks@fullstop@cjkexta=\toks138
\@@interclasstoks@cjkexta@fwpunct=\toks139
\@@interclasstoks@fwpunct@cjkexta=\toks140
\@@interclasstoks@cjkexta@cjkexta=\toks141
\@@interclasstoks@cjkextb@boundary=\toks142
\@@interclasstoks@boundary@cjkextb=\toks143
\@@interclasstoks@cjkextb@halfwidth=\toks144
\@@interclasstoks@halfwidth@cjkextb=\toks145
\@@interclasstoks@cjkextb@fullwidth=\toks146
\@@interclasstoks@fullwidth@cjkextb=\toks147
\@@interclasstoks@cjkextb@alphanum=\toks148
\@@interclasstoks@alphanum@cjkextb=\toks149
\@@interclasstoks@cjkextb@hanzi=\toks150
\@@interclasstoks@hanzi@cjkextb=\toks151
\@@interclasstoks@cjkextb@openfw=\toks152
\@@interclasstoks@openfw@cjkextb=\toks153
\@@interclasstoks@cjkextb@closefw=\toks154
\@@interclasstoks@closefw@cjkextb=\toks155
\@@interclasstoks@cjkextb@halfstop=\toks156
\@@interclasstoks@halfstop@cjkextb=\toks157
\@@interclasstoks@cjkextb@fullstop=\toks158
\@@interclasstoks@fullstop@cjkextb=\toks159
\@@interclasstoks@cjkextb@fwpunct=\toks160
\@@interclasstoks@fwpunct@cjkextb=\toks161
\@@interclasstoks@cjkextb@cjkexta=\toks162
\@@interclasstoks@cjkexta@cjkextb=\toks163
\@@interclasstoks@cjkextb@cjkextb=\toks164
\n=\count108
\@@interclasstoks@longpunct@boundary=\toks165
\@@interclasstoks@boundary@longpunct=\toks166
\@@interclasstoks@longpunct@halfwidth=\toks167
\@@interclasstoks@halfwidth@longpunct=\toks168
\@@interclasstoks@longpunct@fullwidth=\toks169
\@@interclasstoks@fullwidth@longpunct=\toks170
\@@interclasstoks@longpunct@alphanum=\toks171
\@@interclasstoks@alphanum@longpunct=\toks172
\@@interclasstoks@longpunct@hanzi=\toks173
\@@interclasstoks@hanzi@longpunct=\toks174
\@@interclasstoks@longpunct@openfw=\toks175
\@@interclasstoks@openfw@longpunct=\toks176
\@@interclasstoks@longpunct@closefw=\toks177
\@@interclasstoks@closefw@longpunct=\toks178
\@@interclasstoks@longpunct@halfstop=\toks179
\@@interclasstoks@halfstop@longpunct=\toks180
\@@interclasstoks@longpunct@fullstop=\toks181
\@@interclasstoks@fullstop@longpunct=\toks182
\@@interclasstoks@longpunct@fwpunct=\toks183
\@@interclasstoks@fwpunct@longpunct=\toks184
\@@interclasstoks@longpunct@cjkexta=\toks185
\@@interclasstoks@cjkexta@longpunct=\toks186
\@@interclasstoks@longpunct@cjkextb=\toks187
\@@interclasstoks@cjkextb@longpunct=\toks188
\@@interclasstoks@longpunct@longpunct=\toks189
\@@interclasstoks@hwpunct@boundary=\toks190
\@@interclasstoks@boundary@hwpunct=\toks191
\@@interclasstoks@hwpunct@halfwidth=\toks192
\@@interclasstoks@halfwidth@hwpunct=\toks193
\@@interclasstoks@hwpunct@fullwidth=\toks194
\@@interclasstoks@fullwidth@hwpunct=\toks195
\@@interclasstoks@hwpunct@alphanum=\toks196
\@@interclasstoks@alphanum@hwpunct=\toks197
\@@interclasstoks@hwpunct@hanzi=\toks198
\@@interclasstoks@hanzi@hwpunct=\toks199
\@@interclasstoks@hwpunct@openfw=\toks200
\@@interclasstoks@openfw@hwpunct=\toks201
\@@interclasstoks@hwpunct@closefw=\toks202
\@@interclasstoks@closefw@hwpunct=\toks203
\@@interclasstoks@hwpunct@halfstop=\toks204
\@@interclasstoks@halfstop@hwpunct=\toks205
\@@interclasstoks@hwpunct@fullstop=\toks206
\@@interclasstoks@fullstop@hwpunct=\toks207
\@@interclasstoks@hwpunct@fwpunct=\toks208
\@@interclasstoks@fwpunct@hwpunct=\toks209
\@@interclasstoks@hwpunct@cjkexta=\toks210
\@@interclasstoks@cjkexta@hwpunct=\toks211
\@@interclasstoks@hwpunct@cjkextb=\toks212
\@@interclasstoks@cjkextb@hwpunct=\toks213
\@@interclasstoks@hwpunct@longpunct=\toks214
\@@interclasstoks@longpunct@hwpunct=\toks215
\@@interclasstoks@hwpunct@hwpunct=\toks216
\c@zf@famc@SimSun=\count109
Package fontspec Info: Defining font family for 'SimSun' with options [BoldFont
=SimHei] on input line 568.
Package fontspec Info: Could not resolve font SimSun/I (it might not exist) on 
input line 568.
Package fontspec Info: Could not resolve font SimHei/I (it might not exist) on 
input line 568.
Package fontspec Info: Defining font family for 'SimSun' with options [] on inp
ut line 569.
Package fontspec Info: Could not resolve font SimSun/B (it might not exist) on 
input line 569.
Package fontspec Info: Could not resolve font SimSun/I (it might not exist) on 
input line 569.
Package fontspec Info: Could not resolve font SimSun/BI (it might not exist) on
 input line 569.
\zhs@tmpcnt=\count110
)
(/usr/share/texmf-texlive/tex/latex/tools/verbatim.sty
Package: verbatim 2003/08/22 v1.5q LaTeX2e package for verbatim enhancements
\every@verbatim=\toks217
\verbatim@line=\toks218
\verbatim@in@stream=\read1
)
(/usr/share/texmf-texlive/tex/latex/minted/minted.sty
Package: minted 2011/09/17 v1.7 Yet another Pygments shim for LaTeX

(/usr/share/texmf-texlive/tex/latex/fancyvrb/fancyvrb.sty
Package: fancyvrb 2008/02/07

Style option: `fancyvrb' v2.7a, with DG/SPQR fixes, and firstline=lastline fix 
<2008/02/07> (tvz)
\FV@CodeLineNo=\count111
\FV@InFile=\read2
\FV@TabBox=\box28
\c@FancyVerbLine=\count112
\FV@StepNumber=\count113
\FV@OutFile=\write3
) (/usr/share/texmf/tex/latex/xcolor/xcolor.sty
Package: xcolor 2007/01/21 v2.11 LaTeX color extensions (UK)

(/etc/texmf/tex/latex/config/color.cfg
File: color.cfg 2007/01/18 v1.5 color configuration of teTeX/TeXLive
)
Package xcolor Info: Driver file: xetex.def on input line 225.

(/usr/share/texmf-texlive/tex/xelatex/xetex-def/xetex.def
File: xetex.def 2009/11/22 v0.94 LaTeX color/graphics driver for XeTeX (RRM/JK)

)
Package xcolor Info: Model `cmy' substituted by `cmy0' on input line 1337.
Package xcolor Info: Model `RGB' extended on input line 1353.
Package xcolor Info: Model `HTML' substituted by `rgb' on input line 1355.
Package xcolor Info: Model `Hsb' substituted by `hsb' on input line 1356.
Package xcolor Info: Model `tHsb' substituted by `hsb' on input line 1357.
Package xcolor Info: Model `HSB' substituted by `hsb' on input line 1358.
Package xcolor Info: Model `Gray' substituted by `gray' on input line 1359.
Package xcolor Info: Model `wave' substituted by `hsb' on input line 1360.
)
(/usr/share/texmf-texlive/tex/latex/float/float.sty
Package: float 2001/11/08 v1.3d Float enhancements (AL)
\c@float@type=\count114
\float@exts=\toks219
\float@box=\box29
\@float@everytoks=\toks220
\@floatcapt=\box30
)
(/usr/share/texmf-texlive/tex/latex/base/ifthen.sty
Package: ifthen 2001/05/26 v1.1c Standard LaTeX ifthen package (DPC)
)
(/usr/share/texmf-texlive/tex/latex/ifplatform/ifplatform.sty
Package: ifplatform 2009/09/10 v0.3a Testing for the operating system

(/usr/share/texmf-texlive/tex/generic/oberdiek/pdftexcmds.sty
Package: pdftexcmds 2009/09/23 v0.6 LuaTeX support for pdfTeX utility functions
 (HO)

(/usr/share/texmf-texlive/tex/generic/oberdiek/infwarerr.sty
Package: infwarerr 2007/09/09 v1.2 Providing info/warning/message (HO)
)
(/usr/share/texmf-texlive/tex/generic/oberdiek/ifluatex.sty
Package: ifluatex 2009/04/17 v1.2 Provides the ifluatex switch (HO)
Package ifluatex Info: LuaTeX not detected.
)
(/usr/share/texmf-texlive/tex/generic/oberdiek/ltxcmds.sty
Package: ltxcmds 2009/08/05 v1.0 Some LaTeX kernel commands for general use (HO
)
)
Package pdftexcmds Info: LuaTeX not detected.
Package pdftexcmds Info: pdfTeX >= 1.30 not detected.
Package pdftexcmds Info: \pdf@primitive is available.
Package pdftexcmds Info: \pdf@ifprimitive is available.
)
(/usr/share/texmf-texlive/tex/generic/oberdiek/catchfile.sty
Package: catchfile 2007/11/11 v1.2 Catches the contents of a file (HO)
)
runsystem(uname -s > "abstract.w18")...executed.

 (./abstract.w18)
runsystem(rm -- "abstract.w18")...executed.

)
\minted@bgbox=\box31
\minted@code=\write4
\@float@every@listing=\toks221
\c@listing=\count115
)
runsystem(which pygmentize && touch abstract.aex)...executed.

runsystem(rm abstract.aex)...executed.

 (/usr/share/texmf-texlive/tex/latex/hyperref/hyperref.sty
Package: hyperref 2009/10/09 v6.79a Hypertext links for LaTeX

(/usr/share/texmf-texlive/tex/generic/oberdiek/ifpdf.sty
Package: ifpdf 2009/04/10 v2.0 Provides the ifpdf switch (HO)
Package ifpdf Info: pdfTeX in pdf mode not detected.
)
(/usr/share/texmf-texlive/tex/generic/oberdiek/ifvtex.sty
Package: ifvtex 2008/11/04 v1.4 Switches for detecting VTeX and its modes (HO)
Package ifvtex Info: VTeX not detected.
)
(/usr/share/texmf-texlive/tex/latex/oberdiek/hycolor.sty
Package: hycolor 2009/10/02 v1.5 Code for color options of hyperref/bookmark (H
O)

(/usr/share/texmf-texlive/tex/latex/oberdiek/xcolor-patch.sty
Package: xcolor-patch 2009/10/02 xcolor patch
))
\@linkdim=\dimen114
\Hy@linkcounter=\count116
\Hy@pagecounter=\count117

(/usr/share/texmf-texlive/tex/latex/hyperref/pd1enc.def
File: pd1enc.def 2009/10/09 v6.79a Hyperref: PDFDocEncoding definition (HO)
)
(/usr/share/texmf-texlive/tex/generic/oberdiek/etexcmds.sty
Package: etexcmds 2007/12/12 v1.2 Prefix for e-TeX command names (HO)
Package etexcmds Info: Could not find \expanded.
(etexcmds)             That can mean that you are not using pdfTeX 1.50 or
(etexcmds)             that some package has redefined \expanded.
(etexcmds)             In the latter case, load this package earlier.
)
(/usr/share/texmf-texlive/tex/xelatex/xetexconfig/hyperref.cfg
File: hyperref.cfg 2008/07/11 v1.2 hyperref configuration for XeLaTeX
)
(/usr/share/texmf-texlive/tex/latex/oberdiek/kvoptions.sty
Package: kvoptions 2009/08/13 v3.4 Keyval support for LaTeX options (HO)

(/usr/share/texmf-texlive/tex/generic/oberdiek/kvsetkeys.sty
Package: kvsetkeys 2009/07/30 v1.5 Key value parser with default handler suppor
t (HO)
))
Package hyperref Info: Option `hyperfootnotes' set `false' on input line 2864.
Package hyperref Info: Option `colorlinks' set `true' on input line 2864.
Package hyperref Info: Hyper figures OFF on input line 2975.
Package hyperref Info: Link nesting OFF on input line 2980.
Package hyperref Info: Hyper index ON on input line 2983.
Package hyperref Info: Plain pages OFF on input line 2990.
Package hyperref Info: Backreferencing OFF on input line 2995.

Implicit mode ON; LaTeX internals redefined
Package hyperref Info: Bookmarks ON on input line 3191.
(/usr/share/texmf-texlive/tex/latex/ltxmisc/url.sty
\Urlmuskip=\muskip11
Package: url 2006/04/12  ver 3.3  Verb mode for urls, etc.
)
LaTeX Info: Redefining \url on input line 3428.

(/usr/share/texmf-texlive/tex/generic/oberdiek/bitset.sty
Package: bitset 2007/09/28 v1.0 Data type bit set (HO)

(/usr/share/texmf-texlive/tex/generic/oberdiek/intcalc.sty
Package: intcalc 2007/09/27 v1.1 Expandable integer calculations (HO)
)
(/usr/share/texmf-texlive/tex/generic/oberdiek/bigintcalc.sty
Package: bigintcalc 2007/11/11 v1.1 Expandable big integer calculations (HO)
))
\Fld@menulength=\count118
\Field@Width=\dimen115
\Fld@charsize=\dimen116
\Field@toks=\toks222
Package hyperref Info: Hyper figures OFF on input line 4377.
Package hyperref Info: Link nesting OFF on input line 4382.
Package hyperref Info: Hyper index ON on input line 4385.
Package hyperref Info: backreferencing OFF on input line 4392.
Package hyperref Info: Link coloring ON on input line 4395.
Package hyperref Info: Link coloring with OCG OFF on input line 4402.
Package hyperref Info: PDF/A mode OFF on input line 4407.

(/usr/share/texmf-texlive/tex/generic/oberdiek/atbegshi.sty
Package: atbegshi 2008/07/31 v1.9 At begin shipout hook (HO)
)
\Hy@abspage=\count119
\c@Item=\count120
)
*hyperref using default driver hdvipdfm*
(/usr/share/texmf-texlive/tex/latex/hyperref/hdvipdfm.def
File: hdvipdfm.def 2009/10/09 v6.79a Hyperref driver for dvipdfm
\pdfm@box=\box32
\c@Hy@AnnotLevel=\count121
\HyField@AnnotCount=\count122
\Fld@listcount=\count123
)
(/usr/share/texmf/tex/latex/biblatex/biblatex.sty
Package: biblatex 2011/05/12 v1.4c programmable bibliographies

(/usr/share/texmf/tex/latex/etoolbox/etoolbox.sty
Package: etoolbox 2011/01/03 v2.1 e-TeX tools for LaTeX

(/usr/share/texmf-texlive/tex/latex/etex-pkg/etex.sty
Package: etex 1998/03/26 v2.0 eTeX basic definition package (PEB)
\et@xins=\count124
)
\etb@tempcnta=\count125
)
(/usr/share/texmf/tex/latex/logreq/logreq.sty
Package: logreq 2010/08/04 v1.0 xml request logger
\lrq@indent=\count126

(/usr/share/texmf/tex/latex/logreq/logreq.def
File: logreq.def 2010/08/04 v1.0 logreq spec v1.0
))
\c@listtotal=\count127
\c@listcount=\count128
\c@liststart=\count129
\c@liststop=\count130
\c@citecount=\count131
\c@citetotal=\count132
\c@multicitecount=\count133
\c@multicitetotal=\count134
\c@instcount=\count135
\c@maxnames=\count136
\c@minnames=\count137
\c@maxitems=\count138
\c@minitems=\count139
\c@citecounter=\count140
\c@savedcitecounter=\count141
\c@uniquelist=\count142
\c@uniquename=\count143
\c@refsection=\count144
\c@refsegment=\count145
\c@maxextrayear=\count146
\c@maxextraalpha=\count147
\c@abbrvpenalty=\count148
\c@highnamepenalty=\count149
\c@lownamepenalty=\count150
\c@maxparens=\count151
\c@parenlevel=\count152
\blx@tempcnta=\count153
\blx@tempcntb=\count154
\blx@maxsection=\count155
\blx@maxsegment=\count156
\blx@notetype=\count157
\blx@parenlevel@text=\count158
\blx@parenlevel@foot=\count159
\labelnumberwidth=\skip49
\labelalphawidth=\skip50
\shorthandwidth=\skip51
\biblabelsep=\skip52
\bibitemsep=\skip53
\bibnamesep=\skip54
\bibinitsep=\skip55
\bibparsep=\skip56
\bibhang=\skip57
\blx@auxin=\read3
\blx@auxout=\write5
\c@labelname=\count160
\c@savedlabelname=\count161
\c@author=\count162
\c@savedauthor=\count163
\c@shortauthor=\count164
\c@savedshortauthor=\count165
\c@editor=\count166
\c@savededitor=\count167
\c@editora=\count168
\c@savededitora=\count169
\c@editorb=\count170
\c@savededitorb=\count171
\c@editorc=\count172
\c@savededitorc=\count173
\c@shorteditor=\count174
\c@savedshorteditor=\count175
\c@bookauthor=\count176
\c@savedbookauthor=\count177
\c@translator=\count178
\c@savedtranslator=\count179
\c@annotator=\count180
\c@savedannotator=\count181
\c@commentator=\count182
\c@savedcommentator=\count183
\c@introduction=\count184
\c@savedintroduction=\count185
\c@foreword=\count186
\c@savedforeword=\count187
\c@afterword=\count188
\c@savedafterword=\count189
\c@holder=\count190
\c@savedholder=\count191
\c@namea=\count192
\c@savednamea=\count193
\c@nameb=\count194
\c@savednameb=\count195
\c@namec=\count196
\c@savednamec=\count197
\c@institution=\count198
\c@savedinstitution=\count199
\c@language=\count200
\c@savedlanguage=\count201
\c@location=\count202
\c@savedlocation=\count203
\c@organization=\count204
\c@savedorganization=\count205
\c@origlocation=\count206
\c@savedoriglocation=\count207
\c@origpublisher=\count208
\c@savedorigpublisher=\count209
\c@pageref=\count210
\c@savedpageref=\count211
\c@publisher=\count212
\c@savedpublisher=\count213
\c@lista=\count214
\c@savedlista=\count215
\c@listb=\count216
\c@savedlistb=\count217
\c@listc=\count218
\c@savedlistc=\count219
\c@listd=\count220
\c@savedlistd=\count221
\c@liste=\count222
\c@savedliste=\count223
\c@listf=\count224
\c@savedlistf=\count225
Package biblatex Info: Trying to load compatibility code...
Package biblatex Info: ... file 'blx-compat.def' found.

(/usr/share/texmf/tex/latex/biblatex/blx-compat.def
File: blx-compat.def 2011/05/12 v1.4c biblatex generic compatibility
)
Package biblatex Info: Trying to load generic definitions...
Package biblatex Info: ... file 'biblatex.def' found.

(/usr/share/texmf/tex/latex/biblatex/biblatex.def
File: biblatex.def 2011/05/12 v1.4c biblatex generic definitions
\c@smartand=\count226
)
Package biblatex Info: Trying to load bibliography style 'numeric'...
Package biblatex Info: ... file 'numeric.bbx' found.

(/usr/share/texmf/tex/latex/biblatex/bbx/numeric.bbx
File: numeric.bbx 2011/05/12 v1.4c biblatex bibliography style
Package biblatex Info: Trying to load bibliography style 'standard'...
Package biblatex Info: ... file 'standard.bbx' found.

(/usr/share/texmf/tex/latex/biblatex/bbx/standard.bbx
File: standard.bbx 2011/05/12 v1.4c biblatex bibliography style
))
Package biblatex Info: Trying to load citation style 'numeric'...
Package biblatex Info: ... file 'numeric.cbx' found.

(/usr/share/texmf/tex/latex/biblatex/cbx/numeric.cbx
File: numeric.cbx 2011/05/12 v1.4c biblatex citation style
Package biblatex Info: Redefining '\cite'.
Package biblatex Info: Redefining '\parencite'.
Package biblatex Info: Redefining '\footcite'.
Package biblatex Info: Redefining '\footcitetext'.
Package biblatex Info: Redefining '\smartcite'.
Package biblatex Info: Redefining '\textcite'.
Package biblatex Info: Redefining '\supercite'.
Package biblatex Info: Redefining '\cites'.
Package biblatex Info: Redefining '\parencites'.
Package biblatex Info: Redefining '\smartcites'.
)
Package biblatex Info: Trying to load configuration file...
Package biblatex Info: ... file 'biblatex.cfg' found.

(/usr/share/texmf/tex/latex/biblatex/biblatex.cfg
File: biblatex.cfg 
))
(/usr/share/texmf-texlive/tex/latex/graphics/graphicx.sty
Package: graphicx 1999/02/16 v1.0f Enhanced LaTeX Graphics (DPC,SPQR)

(/usr/share/texmf-texlive/tex/latex/graphics/graphics.sty
Package: graphics 2009/02/05 v1.0o Standard LaTeX Graphics (DPC,SPQR)

(/usr/share/texmf-texlive/tex/latex/graphics/trig.sty
Package: trig 1999/03/16 v1.09 sin cos tan (DPC)
)
(/etc/texmf/tex/latex/config/graphics.cfg
File: graphics.cfg 2009/08/28 v1.8 graphics configuration of TeX Live
)
Package graphics Info: Driver file: dvips.def on input line 91.

(/usr/share/texmf-texlive/tex/latex/graphics/dvips.def
File: dvips.def 1999/02/16 v3.0i Driver-dependant file (DPC,SPQR)
))
\Gin@req@height=\dimen117
\Gin@req@width=\dimen118
)
(/usr/share/texmf-texlive/tex/latex/subfigure/subfigure.sty
Package: subfigure 2002/03/15 v2.1.5 subfigure package
\subfigtopskip=\skip58
\subfigcapskip=\skip59
\subfigcaptopadj=\dimen119
\subfigbottomskip=\skip60
\subfigcapmargin=\dimen120
\subfiglabelskip=\skip61
\c@subfigure=\count227
\c@lofdepth=\count228
\c@subtable=\count229
\c@lotdepth=\count230

****************************************
* Local config file subfigure.cfg used *
****************************************
(/usr/share/texmf-texlive/tex/latex/subfigure/subfigure.cfg)
\subfig@top=\skip62
\subfig@bottom=\skip63
)
zhspacing installed.
(./mint-defs.tex)
Package biblatex Info: Trying to load language 'english'...
Package biblatex Info: ... file 'english.lbx' found.
 (/usr/share/texmf/tex/latex/biblatex/lbx/english.lbx
File: english.lbx 2011/05/12 v1.4c biblatex localization
)
\@quotelevel=\count231
\@quotereset=\count232

(./abstract.aux)
\openout1 = `abstract.aux'.

LaTeX Font Info:    Checking defaults for OML/cmm/m/it on input line 35.
LaTeX Font Info:    ... okay on input line 35.
LaTeX Font Info:    Checking defaults for T1/cmr/m/n on input line 35.
LaTeX Font Info:    ... okay on input line 35.
LaTeX Font Info:    Checking defaults for OT1/cmr/m/n on input line 35.
LaTeX Font Info:    ... okay on input line 35.
LaTeX Font Info:    Checking defaults for OMS/cmsy/m/n on input line 35.
LaTeX Font Info:    ... okay on input line 35.
LaTeX Font Info:    Checking defaults for OMX/cmex/m/n on input line 35.
LaTeX Font Info:    ... okay on input line 35.
LaTeX Font Info:    Checking defaults for U/cmr/m/n on input line 35.
LaTeX Font Info:    ... okay on input line 35.
LaTeX Font Info:    Checking defaults for EU1/lmr/m/n on input line 35.
LaTeX Font Info:    ... okay on input line 35.
LaTeX Font Info:    Checking defaults for PD1/pdf/m/n on input line 35.
LaTeX Font Info:    ... okay on input line 35.
Package fontspec Info: Adjusting the maths setup (use [no-math] to avoid this).
 on input line 35.
\symlegacymaths=\mathgroup6
LaTeX Font Info:    Overwriting symbol font `legacymaths' in version `bold'
(Font)                  OT1/cmr/m/n --> OT1/cmr/bx/n on input line 35.
LaTeX Font Info:    Redeclaring math accent \acute on input line 35.
LaTeX Font Info:    Redeclaring math accent \grave on input line 35.
LaTeX Font Info:    Redeclaring math accent \ddot on input line 35.
LaTeX Font Info:    Redeclaring math accent \tilde on input line 35.
LaTeX Font Info:    Redeclaring math accent \bar on input line 35.
LaTeX Font Info:    Redeclaring math accent \breve on input line 35.
LaTeX Font Info:    Redeclaring math accent \check on input line 35.
LaTeX Font Info:    Redeclaring math accent \hat on input line 35.
LaTeX Font Info:    Redeclaring math accent \dot on input line 35.
LaTeX Font Info:    Redeclaring math accent \mathring on input line 35.
LaTeX Font Info:    Redeclaring math symbol \Gamma on input line 35.
LaTeX Font Info:    Redeclaring math symbol \Delta on input line 35.
LaTeX Font Info:    Redeclaring math symbol \Theta on input line 35.
LaTeX Font Info:    Redeclaring math symbol \Lambda on input line 35.
LaTeX Font Info:    Redeclaring math symbol \Xi on input line 35.
LaTeX Font Info:    Redeclaring math symbol \Pi on input line 35.
LaTeX Font Info:    Redeclaring math symbol \Sigma on input line 35.
LaTeX Font Info:    Redeclaring math symbol \Upsilon on input line 35.
LaTeX Font Info:    Redeclaring math symbol \Phi on input line 35.
LaTeX Font Info:    Redeclaring math symbol \Psi on input line 35.
LaTeX Font Info:    Redeclaring math symbol \Omega on input line 35.
LaTeX Font Info:    Redeclaring math symbol \mathdollar on input line 35.
LaTeX Font Info:    Redeclaring symbol font `operators' on input line 35.
LaTeX Font Info:    Encoding `OT1' has changed to `EU1' for symbol font
(Font)              `operators' in the math version `normal' on input line 35.
LaTeX Font Info:    Overwriting symbol font `operators' in version `normal'
(Font)                  OT1/cmr/m/n --> EU1/lmr/m/n on input line 35.
LaTeX Font Info:    Encoding `OT1' has changed to `EU1' for symbol font
(Font)              `operators' in the math version `bold' on input line 35.
LaTeX Font Info:    Overwriting symbol font `operators' in version `bold'
(Font)                  OT1/cmr/bx/n --> EU1/lmr/m/n on input line 35.
LaTeX Font Info:    Overwriting symbol font `operators' in version `normal'
(Font)                  EU1/lmr/m/n --> EU1/lmr/m/n on input line 35.
LaTeX Font Info:    Overwriting math alphabet `\mathrm' in version `normal'
(Font)                  EU1/lmr/m/n --> EU1/lmr/m/n on input line 35.
LaTeX Font Info:    Overwriting math alphabet `\mathit' in version `normal'
(Font)                  OT1/cmr/m/it --> EU1/lmr/m/it on input line 35.
LaTeX Font Info:    Overwriting math alphabet `\mathbf' in version `normal'
(Font)                  OT1/cmr/bx/n --> EU1/lmr/bx/n on input line 35.
LaTeX Font Info:    Overwriting math alphabet `\mathsf' in version `normal'
(Font)                  OT1/cmss/m/n --> EU1/lmss/m/n on input line 35.
LaTeX Font Info:    Overwriting math alphabet `\mathtt' in version `normal'
(Font)                  OT1/cmtt/m/n --> EU1/lmtt/m/n on input line 35.
LaTeX Font Info:    Overwriting symbol font `operators' in version `bold'
(Font)                  EU1/lmr/m/n --> EU1/lmr/bx/n on input line 35.
LaTeX Font Info:    Overwriting math alphabet `\mathrm' in version `bold'
(Font)                  EU1/lmr/m/n --> EU1/lmr/bx/n on input line 35.
LaTeX Font Info:    Overwriting math alphabet `\mathit' in version `bold'
(Font)                  OT1/cmr/bx/it --> EU1/lmr/bx/it on input line 35.
LaTeX Font Info:    Overwriting math alphabet `\mathsf' in version `bold'
(Font)                  OT1/cmss/bx/n --> EU1/lmss/bx/n on input line 35.
LaTeX Font Info:    Overwriting math alphabet `\mathtt' in version `bold'
(Font)                  OT1/cmtt/m/n --> EU1/lmtt/bx/n on input line 35.
runsystem(pygmentize -S default -f latex > abstract.pyg)...executed.

 (./abstract.pyg)
Package hyperref Info: Link coloring ON on input line 35.

(/usr/share/texmf-texlive/tex/latex/hyperref/nameref.sty
Package: nameref 2007/05/29 v2.31 Cross-referencing by name of section

(/usr/share/texmf-texlive/tex/latex/oberdiek/refcount.sty
Package: refcount 2008/08/11 v3.1 Data extraction from references (HO)
)
\c@section@level=\count233
)
LaTeX Info: Redefining \ref on input line 35.
LaTeX Info: Redefining \pageref on input line 35.
 (./abstract.out)
(./abstract.out)
\@outlinefile=\write6
\openout6 = `abstract.out'.

\AtBeginShipoutBox=\box33
Package biblatex Info: XeTeX detected.
(biblatex)             Assuming input encoding 'utf8'.
Package biblatex Info: Automatic encoding selection.
(biblatex)             Assuming data encoding 'utf8'.


Package biblatex Warning: Data encoding is 'utf8'.
(biblatex)                Use backend=biber.

\openout5 = `abstract-blx.bib'.

Package biblatex Info: Trying to load bibliographic data...
Package biblatex Info: ... file 'abstract.bbl' found.
(./abstract.bbl)
Package biblatex Info: Reference section=0 on input line 35.
Package biblatex Info: Reference segment=0 on input line 35.
LaTeX Font Info:    Try loading font information for U+msa on input line 36.
 (/usr/share/texmf-texlive/tex/latex/amsfonts/umsa.fd
File: umsa.fd 2009/06/22 v3.00 AMS symbols A
)
LaTeX Font Info:    Try loading font information for U+msb on input line 36.

(/usr/share/texmf-texlive/tex/latex/amsfonts/umsb.fd
File: umsb.fd 2009/06/22 v3.00 AMS symbols B
) (./abstract.toc)
\tf@toc=\write7
\openout7 = `abstract.toc'.


(./basic.tex) (./fundamental.tex)

LaTeX Warning: Empty bibliography on input line 45.

[1

] (./abstract.aux)
Package logreq Info: Writing requests to 'abstract.run.xml'.
\openout1 = `abstract.run.xml'.

 ) 
Here is how much of TeX's memory you used:
 12808 strings out of 495713
 210605 string characters out of 1188883
 540962 words of memory out of 3000000
 15705 multiletter control sequences out of 15000+50000
 10096 words of font info for 54 fonts, out of 3000000 for 9000
 28 hyphenation exceptions out of 8191
 33i,6n,43p,821b,636s stack positions out of 5000i,500n,10000p,200000b,50000s

Output written on abstract.pdf (1 page).
